  Main.cpp
C:\Users\mookm_v0n6lvt\Desktop\work\c-programimg\Let's go home\let's go home\let's go home\Main.cpp(27,12): warning C4244: 'argument': conversion from 'time_t' to 'unsigned int', possible loss of data
C:\Users\mookm_v0n6lvt\Desktop\work\c-programimg\Let's go home\let's go home\let's go home\Main.cpp(76,56): warning C4244: 'argument': conversion from 'T' to 'float', possible loss of data
          with
          [
              T=unsigned int
          ]
C:\Users\mookm_v0n6lvt\Desktop\work\c-programimg\Let's go home\let's go home\let's go home\Main.cpp(76,36): warning C4244: 'argument': conversion from 'T' to 'float', possible loss of data
          with
          [
              T=unsigned int
          ]
C:\Users\mookm_v0n6lvt\Desktop\work\c-programimg\Let's go home\let's go home\let's go home\Main.cpp(232,69): warning C4244: 'argument': conversion from 'T' to 'T', possible loss of data
          with
          [
              T=int
          ]
          and
          [
              T=float
          ]
C:\Users\mookm_v0n6lvt\Desktop\work\c-programimg\Let's go home\let's go home\let's go home\Main.cpp(232,49): warning C4244: 'argument': conversion from 'T' to 'T', possible loss of data
          with
          [
              T=int
          ]
          and
          [
              T=float
          ]
C:\Users\mookm_v0n6lvt\Desktop\work\c-programimg\Let's go home\let's go home\let's go home\Main.cpp(233,67): warning C4244: 'argument': conversion from 'int' to 'T', possible loss of data
          with
          [
              T=float
          ]
C:\Users\mookm_v0n6lvt\Desktop\work\c-programimg\Let's go home\let's go home\let's go home\Main.cpp(233,43): warning C4244: 'argument': conversion from 'int' to 'T', possible loss of data
          with
          [
              T=float
          ]
C:\Users\mookm_v0n6lvt\Desktop\work\c-programimg\Let's go home\let's go home\let's go home\Main.cpp(1703,24): warning C4838: conversion from 'float' to 'int' requires a narrowing conversion
C:\Users\mookm_v0n6lvt\Desktop\work\c-programimg\Let's go home\let's go home\let's go home\Main.cpp(1703,24): warning C4244: 'initializing': conversion from 'float' to 'int', possible loss of data
C:\Users\mookm_v0n6lvt\Desktop\work\c-programimg\Let's go home\let's go home\let's go home\Main.cpp(1703,31): warning C4838: conversion from 'float' to 'int' requires a narrowing conversion
C:\Users\mookm_v0n6lvt\Desktop\work\c-programimg\Let's go home\let's go home\let's go home\Main.cpp(1703,31): warning C4244: 'initializing': conversion from 'float' to 'int', possible loss of data
C:\Users\mookm_v0n6lvt\Desktop\work\c-programimg\Let's go home\let's go home\let's go home\Main.cpp(1703,38): warning C4838: conversion from 'float' to 'int' requires a narrowing conversion
C:\Users\mookm_v0n6lvt\Desktop\work\c-programimg\Let's go home\let's go home\let's go home\Main.cpp(1703,38): warning C4244: 'initializing': conversion from 'float' to 'int', possible loss of data
C:\Users\mookm_v0n6lvt\Desktop\work\c-programimg\Let's go home\let's go home\let's go home\Main.cpp(1703,45): warning C4838: conversion from 'float' to 'int' requires a narrowing conversion
C:\Users\mookm_v0n6lvt\Desktop\work\c-programimg\Let's go home\let's go home\let's go home\Main.cpp(1703,45): warning C4244: 'initializing': conversion from 'float' to 'int', possible loss of data
C:\Users\mookm_v0n6lvt\Desktop\work\c-programimg\Let's go home\let's go home\let's go home\Main.cpp(1703,53): warning C4838: conversion from 'float' to 'int' requires a narrowing conversion
C:\Users\mookm_v0n6lvt\Desktop\work\c-programimg\Let's go home\let's go home\let's go home\Main.cpp(1703,53): warning C4244: 'initializing': conversion from 'float' to 'int', possible loss of data
C:\Users\mookm_v0n6lvt\Desktop\work\c-programimg\Let's go home\let's go home\let's go home\Main.cpp(1703,61): warning C4838: conversion from 'float' to 'int' requires a narrowing conversion
C:\Users\mookm_v0n6lvt\Desktop\work\c-programimg\Let's go home\let's go home\let's go home\Main.cpp(1703,61): warning C4244: 'initializing': conversion from 'float' to 'int', possible loss of data
C:\Users\mookm_v0n6lvt\Desktop\work\c-programimg\Let's go home\let's go home\let's go home\Main.cpp(1703,68): warning C4838: conversion from 'float' to 'int' requires a narrowing conversion
C:\Users\mookm_v0n6lvt\Desktop\work\c-programimg\Let's go home\let's go home\let's go home\Main.cpp(1703,68): warning C4244: 'initializing': conversion from 'float' to 'int', possible loss of data
C:\Users\mookm_v0n6lvt\Desktop\work\c-programimg\Let's go home\let's go home\let's go home\Main.cpp(1704,24): warning C4838: conversion from 'float' to 'int' requires a narrowing conversion
C:\Users\mookm_v0n6lvt\Desktop\work\c-programimg\Let's go home\let's go home\let's go home\Main.cpp(1704,24): warning C4244: 'initializing': conversion from 'float' to 'int', possible loss of data
C:\Users\mookm_v0n6lvt\Desktop\work\c-programimg\Let's go home\let's go home\let's go home\Main.cpp(1704,30): warning C4838: conversion from 'float' to 'int' requires a narrowing conversion
C:\Users\mookm_v0n6lvt\Desktop\work\c-programimg\Let's go home\let's go home\let's go home\Main.cpp(1704,30): warning C4244: 'initializing': conversion from 'float' to 'int', possible loss of data
C:\Users\mookm_v0n6lvt\Desktop\work\c-programimg\Let's go home\let's go home\let's go home\Main.cpp(1704,36): warning C4838: conversion from 'float' to 'int' requires a narrowing conversion
C:\Users\mookm_v0n6lvt\Desktop\work\c-programimg\Let's go home\let's go home\let's go home\Main.cpp(1704,36): warning C4244: 'initializing': conversion from 'float' to 'int', possible loss of data
C:\Users\mookm_v0n6lvt\Desktop\work\c-programimg\Let's go home\let's go home\let's go home\Main.cpp(1704,43): warning C4838: conversion from 'float' to 'int' requires a narrowing conversion
C:\Users\mookm_v0n6lvt\Desktop\work\c-programimg\Let's go home\let's go home\let's go home\Main.cpp(1704,43): warning C4244: 'initializing': conversion from 'float' to 'int', possible loss of data
C:\Users\mookm_v0n6lvt\Desktop\work\c-programimg\Let's go home\let's go home\let's go home\Main.cpp(1704,50): warning C4838: conversion from 'float' to 'int' requires a narrowing conversion
C:\Users\mookm_v0n6lvt\Desktop\work\c-programimg\Let's go home\let's go home\let's go home\Main.cpp(1704,50): warning C4244: 'initializing': conversion from 'float' to 'int', possible loss of data
C:\Users\mookm_v0n6lvt\Desktop\work\c-programimg\Let's go home\let's go home\let's go home\Main.cpp(1704,58): warning C4838: conversion from 'float' to 'int' requires a narrowing conversion
C:\Users\mookm_v0n6lvt\Desktop\work\c-programimg\Let's go home\let's go home\let's go home\Main.cpp(1704,58): warning C4244: 'initializing': conversion from 'float' to 'int', possible loss of data
C:\Users\mookm_v0n6lvt\Desktop\work\c-programimg\Let's go home\let's go home\let's go home\Main.cpp(1704,65): warning C4838: conversion from 'float' to 'int' requires a narrowing conversion
C:\Users\mookm_v0n6lvt\Desktop\work\c-programimg\Let's go home\let's go home\let's go home\Main.cpp(1704,65): warning C4244: 'initializing': conversion from 'float' to 'int', possible loss of data
C:\Users\mookm_v0n6lvt\Desktop\work\c-programimg\Let's go home\let's go home\let's go home\Main.cpp(1787,60): warning C4244: 'argument': conversion from 'int' to 'T', possible loss of data
          with
          [
              T=float
          ]
C:\Users\mookm_v0n6lvt\Desktop\work\c-programimg\Let's go home\let's go home\let's go home\Main.cpp(1787,46): warning C4244: 'argument': conversion from 'int' to 'T', possible loss of data
          with
          [
              T=float
          ]
C:\Users\mookm_v0n6lvt\Desktop\work\c-programimg\Let's go home\let's go home\let's go home\Main.cpp(3560,59): warning C4244: 'argument': conversion from 'int' to 'T', possible loss of data
          with
          [
              T=float
          ]
C:\Users\mookm_v0n6lvt\Desktop\work\c-programimg\Let's go home\let's go home\let's go home\Main.cpp(3560,45): warning C4244: 'argument': conversion from 'int' to 'T', possible loss of data
          with
          [
              T=float
          ]
C:\Users\mookm_v0n6lvt\Desktop\work\c-programimg\Let's go home\let's go home\let's go home\Main.cpp(5620,23): warning C4244: '=': conversion from 'float' to 'int', possible loss of data
C:\Users\mookm_v0n6lvt\Desktop\work\c-programimg\Let's go home\let's go home\let's go home\Main.cpp(5642,72): warning C4244: 'argument': conversion from 'T' to 'T', possible loss of data
          with
          [
              T=int
          ]
          and
          [
              T=float
          ]
C:\Users\mookm_v0n6lvt\Desktop\work\c-programimg\Let's go home\let's go home\let's go home\Main.cpp(5642,52): warning C4244: 'argument': conversion from 'T' to 'T', possible loss of data
          with
          [
              T=int
          ]
          and
          [
              T=float
          ]
C:\Users\mookm_v0n6lvt\Desktop\work\c-programimg\Let's go home\let's go home\let's go home\Main.cpp(5643,70): warning C4244: 'argument': conversion from 'int' to 'T', possible loss of data
          with
          [
              T=float
          ]
C:\Users\mookm_v0n6lvt\Desktop\work\c-programimg\Let's go home\let's go home\let's go home\Main.cpp(5643,46): warning C4244: 'argument': conversion from 'int' to 'T', possible loss of data
          with
          [
              T=float
          ]
C:\Users\mookm_v0n6lvt\Desktop\work\c-programimg\Let's go home\let's go home\let's go home\Main.cpp(5779,73): warning C4244: 'argument': conversion from 'T' to 'T', possible loss of data
          with
          [
              T=int
          ]
          and
          [
              T=float
          ]
C:\Users\mookm_v0n6lvt\Desktop\work\c-programimg\Let's go home\let's go home\let's go home\Main.cpp(5779,53): warning C4244: 'argument': conversion from 'T' to 'T', possible loss of data
          with
          [
              T=int
          ]
          and
          [
              T=float
          ]
C:\Users\mookm_v0n6lvt\Desktop\work\c-programimg\Let's go home\let's go home\let's go home\Main.cpp(5780,71): warning C4244: 'argument': conversion from 'int' to 'T', possible loss of data
          with
          [
              T=float
          ]
C:\Users\mookm_v0n6lvt\Desktop\work\c-programimg\Let's go home\let's go home\let's go home\Main.cpp(5780,47): warning C4244: 'argument': conversion from 'int' to 'T', possible loss of data
          with
          [
              T=float
          ]
C:\Users\mookm_v0n6lvt\Desktop\work\c-programimg\Let's go home\let's go home\let's go home\Main.cpp(6374,37): warning C4244: '=': conversion from 'int' to 'T', possible loss of data
          with
          [
              T=float
          ]
C:\Users\mookm_v0n6lvt\Desktop\work\c-programimg\Let's go home\let's go home\let's go home\Main.cpp(6379,37): warning C4244: '=': conversion from 'int' to 'T', possible loss of data
          with
          [
              T=float
          ]
  let's go home.vcxproj -> C:\Users\mookm_v0n6lvt\Desktop\work\c-programimg\Let's go home\let's go home\x64\Debug\let's go home.exe
